<?xml version="1.0" encoding="UTF-8"?>
<testsuite xmlns:xsi="http://www.w3.org/2001/XMLSchema-instance" xsi:noNamespaceSchemaLocation="https://maven.apache.org/surefire/maven-surefire-plugin/xsd/surefire-test-report.xsd" name="com.jt.TestJedisCluster" time="12.392" tests="1" errors="1" skipped="0" failures="0">
  <properties>
[...]
</properties>
  <testcase name="testJedisCluster" classname="com.jt.TestJedisCluster" time="12.241">
    <error message="No reachable node in cluster" type="redis.clients.jedis.exceptions.JedisNoReachableClusterNodeException">redis.clients.jedis.exceptions.JedisNoReachableClusterNodeException: No reachable node in cluster
	at com.jt.TestJedisCluster.testJedisCluster(TestJedisCluster.java:22)
</error>
  </testcase>
</testsuite>